<?xml version="1.0" encoding="UTF-8"?>
<testsuite xmlns:xsi="http://www.w3.org/2001/XMLSchema-instance" xsi:noNamespaceSchemaLocation="https://maven.apache.org/surefire/maven-surefire-plugin/xsd/surefire-test-report.xsd" name="com.example.microservices.camelmicroservicea.CamelMicroserviceAApplicationTests" time="8.037" tests="1" errors="0" skipped="0" failures="0">
  <properties>
    <property name="gopherProxySet" value="false"/>
    <property name="awt.toolkit" value="sun.lwawt.macosx.LWCToolkit"/>
    <property name="file.encoding.pkg" value="sun.io"/>
    <property name="java.specification.version" value="1.8"/>
    <property name="sun.cpu.isalist" value=""/>
    <property name="sun.jnu.encoding" value="UTF-8"/>
    <property name="java.class.path" value="/Users/chaitanya/Workspace/Spring/apache-camel/camel-microservice-a/target/test-classes:/Users/chaitanya/Workspace/Spring/apache-camel/camel-microservice-a/target/classes:/Users/chaitanya/.m2/repository/org/springframework/boot/spring-boot-starter-actuator/2.5.4/spring-boot-starter-actuator-2.5.4.jar:/Users/chaitanya/.m2/repository/org/springframework/boot/spring-boot-starter/2.5.4/spring-boot-starter-2.5.4.jar:/Users/chaitanya/.m2/repository/org/springframework/boot/spring-boot-starter-logging/2.5.4/spring-boot-starter-logging-2.5.4.jar:/Users/chaitanya/.m2/repository/ch/qos/logback/logback-classic/1.2.5/logback-classic-1.2.5.jar:/Users/chaitanya/.m2/repository/ch/qos/logback/logback-core/1.2.5/logback-core-1.2.5.jar:/Users/chaitanya/.m2/repository/org/apache/logging/log4j/log4j-to-slf4j/2.14.1/log4j-to-slf4j-2.14.1.jar:/Users/chaitanya/.m2/repository/org/apache/logging/log4j/log4j-api/2.14.1/log4j-api-2.14.1.jar:/Users/chaitanya/.m2/repository/org/slf4j/jul-to-slf4j/1.7.32/jul-to-slf4j-1.7.32.jar:/Users/chaitanya/.m2/repository/jakarta/annotation/jakarta.annotation-api/1.3.5/jakarta.annotation-api-1.3.5.jar:/Users/chaitanya/.m2/repository/org/yaml/snakeyaml/1.28/snakeyaml-1.28.jar:/Users/chaitanya/.m2/repository/org/springframework/boot/spring-boot-actuator-autoconfigure/2.5.4/spring-boot-actuator-autoconfigure-2.5.4.jar:/Users/chaitanya/.m2/repository/org/springframework/boot/spring-boot-actuator/2.5.4/spring-boot-actuator-2.5.4.jar:/Users/chaitanya/.m2/repository/com/fasterxml/jackson/core/jackson-databind/2.12.4/jackson-databind-2.12.4.jar:/Users/chaitanya/.m2/repository/com/fasterxml/jackson/core/jackson-annotations/2.12.4/jackson-annotations-2.12.4.jar:/Users/chaitanya/.m2/repository/com/fasterxml/jackson/core/jackson-core/2.12.4/jackson-core-2.12.4.jar:/Users/chaitanya/.m2/repository/com/fasterxml/jackson/datatype/jackson-datatype-jsr310/2.12.4/jackson-datatype-jsr310-2.12.4.jar:/Users/chaitanya/.m2/repository/io/micrometer/micrometer-core/1.7.3/micrometer-core-1.7.3.jar:/Users/chaitanya/.m2/repository/org/hdrhistogram/HdrHistogram/2.1.12/HdrHistogram-2.1.12.jar:/Users/chaitanya/.m2/repository/org/latencyutils/LatencyUtils/2.0.3/LatencyUtils-2.0.3.jar:/Users/chaitanya/.m2/repository/org/springframework/boot/spring-boot-starter-web/2.5.4/spring-boot-starter-web-2.5.4.jar:/Users/chaitanya/.m2/repository/org/springframework/boot/spring-boot-starter-json/2.5.4/spring-boot-starter-json-2.5.4.jar:/Users/chaitanya/.m2/repository/com/fasterxml/jackson/datatype/jackson-datatype-jdk8/2.12.4/jackson-datatype-jdk8-2.12.4.jar:/Users/chaitanya/.m2/repository/com/fasterxml/jackson/module/jackson-module-parameter-names/2.12.4/jackson-module-parameter-names-2.12.4.jar:/Users/chaitanya/.m2/repository/org/springframework/boot/spring-boot-starter-tomcat/2.5.4/spring-boot-starter-tomcat-2.5.4.jar:/Users/chaitanya/.m2/repository/org/apache/tomcat/embed/tomcat-embed-core/9.0.52/tomcat-embed-core-9.0.52.jar:/Users/chaitanya/.m2/repository/org/apache/tomcat/embed/tomcat-embed-el/9.0.52/tomcat-embed-el-9.0.52.jar:/Users/chaitanya/.m2/repository/org/apache/tomcat/embed/tomcat-embed-websocket/9.0.52/tomcat-embed-websocket-9.0.52.jar:/Users/chaitanya/.m2/repository/org/springframework/spring-web/5.3.9/spring-web-5.3.9.jar:/Users/chaitanya/.m2/repository/org/springframework/spring-beans/5.3.9/spring-beans-5.3.9.jar:/Users/chaitanya/.m2/repository/org/springframework/spring-webmvc/5.3.9/spring-webmvc-5.3.9.jar:/Users/chaitanya/.m2/repository/org/springframework/spring-aop/5.3.9/spring-aop-5.3.9.jar:/Users/chaitanya/.m2/repository/org/springframework/spring-context/5.3.9/spring-context-5.3.9.jar:/Users/chaitanya/.m2/repository/org/springframework/spring-expression/5.3.9/spring-expression-5.3.9.jar:/Users/chaitanya/.m2/repository/org/apache/camel/springboot/camel-spring-boot-starter/3.11.1/camel-spring-boot-starter-3.11.1.jar:/Users/chaitanya/.m2/repository/org/apache/camel/springboot/camel-spring-boot/3.11.1/camel-spring-boot-3.11.1.jar:/Users/chaitanya/.m2/repository/org/apache/camel/camel-spring/3.11.1/camel-spring-3.11.1.jar:/Users/chaitanya/.m2/repository/org/apache/camel/camel-management-api/3.11.1/camel-management-api-3.11.1.jar:/Users/chaitanya/.m2/repository/org/springframework/spring-tx/5.3.9/spring-tx-5.3.9.jar:/Users/chaitanya/.m2/repository/org/apache/camel/camel-spring-main/3.11.1/camel-spring-main-3.11.1.jar:/Users/chaitanya/.m2/repository/org/apache/camel/camel-main/3.11.1/camel-main-3.11.1.jar:/Users/chaitanya/.m2/repository/org/apache/camel/camel-base/3.11.1/camel-base-3.11.1.jar:/Users/chaitanya/.m2/repository/org/apache/camel/camel-core-languages/3.11.1/camel-core-languages-3.11.1.jar:/Users/chaitanya/.m2/repository/org/apache/camel/camel-xml-jaxb-dsl/3.11.1/camel-xml-jaxb-dsl-3.11.1.jar:/Users/chaitanya/.m2/repository/org/apache/camel/camel-support/3.11.1/camel-support-3.11.1.jar:/Users/chaitanya/.m2/repository/org/apache/camel/camel-core-model/3.11.1/camel-core-model-3.11.1.jar:/Users/chaitanya/.m2/repository/org/apache/camel/camel-core-processor/3.11.1/camel-core-processor-3.11.1.jar:/Users/chaitanya/.m2/repository/org/apache/camel/camel-xml-jaxb/3.11.1/camel-xml-jaxb-3.11.1.jar:/Users/chaitanya/.m2/repository/com/sun/xml/bind/jaxb-core/2.3.0/jaxb-core-2.3.0.jar:/Users/chaitanya/.m2/repository/com/sun/xml/bind/jaxb-impl/2.3.3/jaxb-impl-2.3.3.jar:/Users/chaitanya/.m2/repository/com/sun/activation/jakarta.activation/1.2.2/jakarta.activation-1.2.2.jar:/Users/chaitanya/.m2/repository/org/apache/camel/camel-dsl-support/3.11.1/camel-dsl-support-3.11.1.jar:/Users/chaitanya/.m2/repository/org/apache/camel/camel-endpointdsl/3.11.1/camel-endpointdsl-3.11.1.jar:/Users/chaitanya/.m2/repository/org/apache/camel/camel-spring-xml/3.11.1/camel-spring-xml-3.11.1.jar:/Users/chaitanya/.m2/repository/org/apache/camel/camel-core-xml/3.11.1/camel-core-xml-3.11.1.jar:/Users/chaitanya/.m2/repository/org/apache/camel/camel-cloud/3.11.1/camel-cloud-3.11.1.jar:/Users/chaitanya/.m2/repository/org/apache/camel/camel-cluster/3.11.1/camel-cluster-3.11.1.jar:/Users/chaitanya/.m2/repository/org/apache/camel/camel-base-engine/3.11.1/camel-base-engine-3.11.1.jar:/Users/chaitanya/.m2/repository/org/apache/camel/camel-health/3.11.1/camel-health-3.11.1.jar:/Users/chaitanya/.m2/repository/org/apache/camel/springboot/camel-core-starter/3.11.1/camel-core-starter-3.11.1.jar:/Users/chaitanya/.m2/repository/org/apache/camel/camel-core-engine/3.11.1/camel-core-engine-3.11.1.jar:/Users/chaitanya/.m2/repository/org/apache/camel/camel-api/3.11.1/camel-api-3.11.1.jar:/Users/chaitanya/.m2/repository/org/apache/camel/camel-core-reifier/3.11.1/camel-core-reifier-3.11.1.jar:/Users/chaitanya/.m2/repository/org/apache/camel/camel-util/3.11.1/camel-util-3.11.1.jar:/Users/chaitanya/.m2/repository/org/apache/camel/springboot/camel-bean-starter/3.11.1/camel-bean-starter-3.11.1.jar:/Users/chaitanya/.m2/repository/org/apache/camel/camel-bean/3.11.1/camel-bean-3.11.1.jar:/Users/chaitanya/.m2/repository/org/apache/camel/springboot/camel-browse-starter/3.11.1/camel-browse-starter-3.11.1.jar:/Users/chaitanya/.m2/repository/org/apache/camel/camel-browse/3.11.1/camel-browse-3.11.1.jar:/Users/chaitanya/.m2/repository/org/apache/camel/springboot/camel-controlbus-starter/3.11.1/camel-controlbus-starter-3.11.1.jar:/Users/chaitanya/.m2/repository/org/apache/camel/camel-controlbus/3.11.1/camel-controlbus-3.11.1.jar:/Users/chaitanya/.m2/repository/org/apache/camel/springboot/camel-dataformat-starter/3.11.1/camel-dataformat-starter-3.11.1.jar:/Users/chaitanya/.m2/repository/org/apache/camel/camel-dataformat/3.11.1/camel-dataformat-3.11.1.jar:/Users/chaitanya/.m2/repository/org/apache/camel/springboot/camel-dataset-starter/3.11.1/camel-dataset-starter-3.11.1.jar:/Users/chaitanya/.m2/repository/org/apache/camel/camel-dataset/3.11.1/camel-dataset-3.11.1.jar:/Users/chaitanya/.m2/repository/org/apache/camel/springboot/camel-direct-starter/3.11.1/camel-direct-starter-3.11.1.jar:/Users/chaitanya/.m2/repository/org/apache/camel/camel-direct/3.11.1/camel-direct-3.11.1.jar:/Users/chaitanya/.m2/repository/org/apache/camel/springboot/camel-directvm-starter/3.11.1/camel-directvm-starter-3.11.1.jar:/Users/chaitanya/.m2/repository/org/apache/camel/camel-directvm/3.11.1/camel-directvm-3.11.1.jar:/Users/chaitanya/.m2/repository/org/apache/camel/springboot/camel-file-starter/3.11.1/camel-file-starter-3.11.1.jar:/Users/chaitanya/.m2/repository/org/apache/camel/camel-file/3.11.1/camel-file-3.11.1.jar:/Users/chaitanya/.m2/repository/org/apache/camel/springboot/camel-language-starter/3.11.1/camel-language-starter-3.11.1.jar:/Users/chaitanya/.m2/repository/org/apache/camel/camel-language/3.11.1/camel-language-3.11.1.jar:/Users/chaitanya/.m2/repository/org/apache/camel/springboot/camel-log-starter/3.11.1/camel-log-starter-3.11.1.jar:/Users/chaitanya/.m2/repository/org/apache/camel/camel-log/3.11.1/camel-log-3.11.1.jar:/Users/chaitanya/.m2/repository/org/apache/camel/springboot/camel-mock-starter/3.11.1/camel-mock-starter-3.11.1.jar:/Users/chaitanya/.m2/repository/org/apache/camel/camel-mock/3.11.1/camel-mock-3.11.1.jar:/Users/chaitanya/.m2/repository/org/apache/camel/springboot/camel-ref-starter/3.11.1/camel-ref-starter-3.11.1.jar:/Users/chaitanya/.m2/repository/org/apache/camel/camel-ref/3.11.1/camel-ref-3.11.1.jar:/Users/chaitanya/.m2/repository/org/apache/camel/springboot/camel-rest-starter/3.11.1/camel-rest-starter-3.11.1.jar:/Users/chaitanya/.m2/repository/org/apache/camel/camel-rest/3.11.1/camel-rest-3.11.1.jar:/Users/chaitanya/.m2/repository/org/apache/camel/camel-tooling-model/3.11.1/camel-tooling-model-3.11.1.jar:/Users/chaitanya/.m2/repository/org/apache/camel/camel-util-json/3.11.1/camel-util-json-3.11.1.jar:/Users/chaitanya/.m2/repository/org/apache/camel/springboot/camel-saga-starter/3.11.1/camel-saga-starter-3.11.1.jar:/Users/chaitanya/.m2/repository/org/apache/camel/camel-saga/3.11.1/camel-saga-3.11.1.jar:/Users/chaitanya/.m2/repository/org/apache/camel/springboot/camel-scheduler-starter/3.11.1/camel-scheduler-starter-3.11.1.jar:/Users/chaitanya/.m2/repository/org/apache/camel/camel-scheduler/3.11.1/camel-scheduler-3.11.1.jar:/Users/chaitanya/.m2/repository/org/apache/camel/springboot/camel-seda-starter/3.11.1/camel-seda-starter-3.11.1.jar:/Users/chaitanya/.m2/repository/org/apache/camel/camel-seda/3.11.1/camel-seda-3.11.1.jar:/Users/chaitanya/.m2/repository/org/apache/camel/springboot/camel-stub-starter/3.11.1/camel-stub-starter-3.11.1.jar:/Users/chaitanya/.m2/repository/org/apache/camel/camel-stub/3.11.1/camel-stub-3.11.1.jar:/Users/chaitanya/.m2/repository/org/apache/camel/springboot/camel-timer-starter/3.11.1/camel-timer-starter-3.11.1.jar:/Users/chaitanya/.m2/repository/org/apache/camel/camel-timer/3.11.1/camel-timer-3.11.1.jar:/Users/chaitanya/.m2/repository/org/apache/camel/springboot/camel-validator-starter/3.11.1/camel-validator-starter-3.11.1.jar:/Users/chaitanya/.m2/repository/org/apache/camel/camel-validator/3.11.1/camel-validator-3.11.1.jar:/Users/chaitanya/.m2/repository/org/apache/camel/springboot/camel-vm-starter/3.11.1/camel-vm-starter-3.11.1.jar:/Users/chaitanya/.m2/repository/org/apache/camel/camel-vm/3.11.1/camel-vm-3.11.1.jar:/Users/chaitanya/.m2/repository/org/apache/camel/springboot/camel-xpath-starter/3.11.1/camel-xpath-starter-3.11.1.jar:/Users/chaitanya/.m2/repository/org/apache/camel/camel-xpath/3.11.1/camel-xpath-3.11.1.jar:/Users/chaitanya/.m2/repository/org/apache/camel/springboot/camel-xslt-starter/3.11.1/camel-xslt-starter-3.11.1.jar:/Users/chaitanya/.m2/repository/org/apache/camel/camel-xslt/3.11.1/camel-xslt-3.11.1.jar:/Users/chaitanya/.m2/repository/org/apache/camel/springboot/camel-xml-jaxp-starter/3.11.1/camel-xml-jaxp-starter-3.11.1.jar:/Users/chaitanya/.m2/repository/org/apache/camel/camel-xml-jaxp/3.11.1/camel-xml-jaxp-3.11.1.jar:/Users/chaitanya/.m2/repository/org/apache/camel/camel-xml-io-util/3.11.1/camel-xml-io-util-3.11.1.jar:/Users/chaitanya/.m2/repository/org/springframework/boot/spring-boot-devtools/2.5.4/spring-boot-devtools-2.5.4.jar:/Users/chaitanya/.m2/repository/org/springframework/boot/spring-boot/2.5.4/spring-boot-2.5.4.jar:/Users/chaitanya/.m2/repository/org/springframework/boot/spring-boot-autoconfigure/2.5.4/spring-boot-autoconfigure-2.5.4.jar:/Users/chaitanya/.m2/repository/org/springframework/boot/spring-boot-starter-test/2.5.4/spring-boot-starter-test-2.5.4.jar:/Users/chaitanya/.m2/repository/org/springframework/boot/spring-boot-test/2.5.4/spring-boot-test-2.5.4.jar:/Users/chaitanya/.m2/repository/org/springframework/boot/spring-boot-test-autoconfigure/2.5.4/spring-boot-test-autoconfigure-2.5.4.jar:/Users/chaitanya/.m2/repository/com/jayway/jsonpath/json-path/2.5.0/json-path-2.5.0.jar:/Users/chaitanya/.m2/repository/net/minidev/json-smart/2.4.7/json-smart-2.4.7.jar:/Users/chaitanya/.m2/repository/net/minidev/accessors-smart/2.4.7/accessors-smart-2.4.7.jar:/Users/chaitanya/.m2/repository/org/ow2/asm/asm/9.1/asm-9.1.jar:/Users/chaitanya/.m2/repository/org/slf4j/slf4j-api/1.7.32/slf4j-api-1.7.32.jar:/Users/chaitanya/.m2/repository/jakarta/xml/bind/jakarta.xml.bind-api/2.3.3/jakarta.xml.bind-api-2.3.3.jar:/Users/chaitanya/.m2/repository/jakarta/activation/jakarta.activation-api/1.2.2/jakarta.activation-api-1.2.2.jar:/Users/chaitanya/.m2/repository/org/assertj/assertj-core/3.19.0/assertj-core-3.19.0.jar:/Users/chaitanya/.m2/repository/org/hamcrest/hamcrest/2.2/hamcrest-2.2.jar:/Users/chaitanya/.m2/repository/org/junit/jupiter/junit-jupiter/5.7.2/junit-jupiter-5.7.2.jar:/Users/chaitanya/.m2/repository/org/junit/jupiter/junit-jupiter-api/5.7.2/junit-jupiter-api-5.7.2.jar:/Users/chaitanya/.m2/repository/org/apiguardian/apiguardian-api/1.1.0/apiguardian-api-1.1.0.jar:/Users/chaitanya/.m2/repository/org/opentest4j/opentest4j/1.2.0/opentest4j-1.2.0.jar:/Users/chaitanya/.m2/repository/org/junit/platform/junit-platform-commons/1.7.2/junit-platform-commons-1.7.2.jar:/Users/chaitanya/.m2/repository/org/junit/jupiter/junit-jupiter-params/5.7.2/junit-jupiter-params-5.7.2.jar:/Users/chaitanya/.m2/repository/org/junit/jupiter/junit-jupiter-engine/5.7.2/junit-jupiter-engine-5.7.2.jar:/Users/chaitanya/.m2/repository/org/junit/platform/junit-platform-engine/1.7.2/junit-platform-engine-1.7.2.jar:/Users/chaitanya/.m2/repository/org/mockito/mockito-core/3.9.0/mockito-core-3.9.0.jar:/Users/chaitanya/.m2/repository/net/bytebuddy/byte-buddy/1.10.22/byte-buddy-1.10.22.jar:/Users/chaitanya/.m2/repository/net/bytebuddy/byte-buddy-agent/1.10.22/byte-buddy-agent-1.10.22.jar:/Users/chaitanya/.m2/repository/org/objenesis/objenesis/3.2/objenesis-3.2.jar:/Users/chaitanya/.m2/repository/org/mockito/mockito-junit-jupiter/3.9.0/mockito-junit-jupiter-3.9.0.jar:/Users/chaitanya/.m2/repository/org/skyscreamer/jsonassert/1.5.0/jsonassert-1.5.0.jar:/Users/chaitanya/.m2/repository/com/vaadin/external/google/android-json/0.0.20131108.vaadin1/android-json-0.0.20131108.vaadin1.jar:/Users/chaitanya/.m2/repository/org/springframework/spring-core/5.3.9/spring-core-5.3.9.jar:/Users/chaitanya/.m2/repository/org/springframework/spring-jcl/5.3.9/spring-jcl-5.3.9.jar:/Users/chaitanya/.m2/repository/org/springframework/spring-test/5.3.9/spring-test-5.3.9.jar:/Users/chaitanya/.m2/repository/org/xmlunit/xmlunit-core/2.8.2/xmlunit-core-2.8.2.jar:"/>
    <property name="java.vm.vendor" value="AdoptOpenJDK"/>
    <property name="sun.arch.data.model" value="64"/>
    <property name="java.vendor.url" value="https://adoptopenjdk.net/"/>
    <property name="user.timezone" value=""/>
    <property name="java.vm.specification.version" value="1.8"/>
    <property name="os.name" value="Mac OS X"/>
    <property name="user.country" value="IN"/>
    <property name="sun.java.launcher" value="SUN_STANDARD"/>
    <property name="sun.boot.library.path" value="/Library/Java/JavaVirtualMachines/adoptopenjdk-8.jdk/Contents/Home/jre/lib"/>
    <property name="sun.java.command" value="/Users/chaitanya/Workspace/Spring/apache-camel/camel-microservice-a/target/surefire/surefirebooter4605012906766132244.jar /Users/chaitanya/Workspace/Spring/apache-camel/camel-microservice-a/target/surefire 2021-09-23T00-58-45_359-jvmRun1 surefire33737643902323493tmp surefire_05601445519302651598tmp"/>
    <property name="http.nonProxyHosts" value="local|*.local|169.254/16|*.169.254/16"/>
    <property name="surefire.test.class.path" value="/Users/chaitanya/Workspace/Spring/apache-camel/camel-microservice-a/target/test-classes:/Users/chaitanya/Workspace/Spring/apache-camel/camel-microservice-a/target/classes:/Users/chaitanya/.m2/repository/org/springframework/boot/spring-boot-starter-actuator/2.5.4/spring-boot-starter-actuator-2.5.4.jar:/Users/chaitanya/.m2/repository/org/springframework/boot/spring-boot-starter/2.5.4/spring-boot-starter-2.5.4.jar:/Users/chaitanya/.m2/repository/org/springframework/boot/spring-boot-starter-logging/2.5.4/spring-boot-starter-logging-2.5.4.jar:/Users/chaitanya/.m2/repository/ch/qos/logback/logback-classic/1.2.5/logback-classic-1.2.5.jar:/Users/chaitanya/.m2/repository/ch/qos/logback/logback-core/1.2.5/logback-core-1.2.5.jar:/Users/chaitanya/.m2/repository/org/apache/logging/log4j/log4j-to-slf4j/2.14.1/log4j-to-slf4j-2.14.1.jar:/Users/chaitanya/.m2/repository/org/apache/logging/log4j/log4j-api/2.14.1/log4j-api-2.14.1.jar:/Users/chaitanya/.m2/repository/org/slf4j/jul-to-slf4j/1.7.32/jul-to-slf4j-1.7.32.jar:/Users/chaitanya/.m2/repository/jakarta/annotation/jakarta.annotation-api/1.3.5/jakarta.annotation-api-1.3.5.jar:/Users/chaitanya/.m2/repository/org/yaml/snakeyaml/1.28/snakeyaml-1.28.jar:/Users/chaitanya/.m2/repository/org/springframework/boot/spring-boot-actuator-autoconfigure/2.5.4/spring-boot-actuator-autoconfigure-2.5.4.jar:/Users/chaitanya/.m2/repository/org/springframework/boot/spring-boot-actuator/2.5.4/spring-boot-actuator-2.5.4.jar:/Users/chaitanya/.m2/repository/com/fasterxml/jackson/core/jackson-databind/2.12.4/jackson-databind-2.12.4.jar:/Users/chaitanya/.m2/repository/com/fasterxml/jackson/core/jackson-annotations/2.12.4/jackson-annotations-2.12.4.jar:/Users/chaitanya/.m2/repository/com/fasterxml/jackson/core/jackson-core/2.12.4/jackson-core-2.12.4.jar:/Users/chaitanya/.m2/repository/com/fasterxml/jackson/datatype/jackson-datatype-jsr310/2.12.4/jackson-datatype-jsr310-2.12.4.jar:/Users/chaitanya/.m2/repository/io/micrometer/micrometer-core/1.7.3/micrometer-core-1.7.3.jar:/Users/chaitanya/.m2/repository/org/hdrhistogram/HdrHistogram/2.1.12/HdrHistogram-2.1.12.jar:/Users/chaitanya/.m2/repository/org/latencyutils/LatencyUtils/2.0.3/LatencyUtils-2.0.3.jar:/Users/chaitanya/.m2/repository/org/springframework/boot/spring-boot-starter-web/2.5.4/spring-boot-starter-web-2.5.4.jar:/Users/chaitanya/.m2/repository/org/springframework/boot/spring-boot-starter-json/2.5.4/spring-boot-starter-json-2.5.4.jar:/Users/chaitanya/.m2/repository/com/fasterxml/jackson/datatype/jackson-datatype-jdk8/2.12.4/jackson-datatype-jdk8-2.12.4.jar:/Users/chaitanya/.m2/repository/com/fasterxml/jackson/module/jackson-module-parameter-names/2.12.4/jackson-module-parameter-names-2.12.4.jar:/Users/chaitanya/.m2/repository/org/springframework/boot/spring-boot-starter-tomcat/2.5.4/spring-boot-starter-tomcat-2.5.4.jar:/Users/chaitanya/.m2/repository/org/apache/tomcat/embed/tomcat-embed-core/9.0.52/tomcat-embed-core-9.0.52.jar:/Users/chaitanya/.m2/repository/org/apache/tomcat/embed/tomcat-embed-el/9.0.52/tomcat-embed-el-9.0.52.jar:/Users/chaitanya/.m2/repository/org/apache/tomcat/embed/tomcat-embed-websocket/9.0.52/tomcat-embed-websocket-9.0.52.jar:/Users/chaitanya/.m2/repository/org/springframework/spring-web/5.3.9/spring-web-5.3.9.jar:/Users/chaitanya/.m2/repository/org/springframework/spring-beans/5.3.9/spring-beans-5.3.9.jar:/Users/chaitanya/.m2/repository/org/springframework/spring-webmvc/5.3.9/spring-webmvc-5.3.9.jar:/Users/chaitanya/.m2/repository/org/springframework/spring-aop/5.3.9/spring-aop-5.3.9.jar:/Users/chaitanya/.m2/repository/org/springframework/spring-context/5.3.9/spring-context-5.3.9.jar:/Users/chaitanya/.m2/repository/org/springframework/spring-expression/5.3.9/spring-expression-5.3.9.jar:/Users/chaitanya/.m2/repository/org/apache/camel/springboot/camel-spring-boot-starter/3.11.1/camel-spring-boot-starter-3.11.1.jar:/Users/chaitanya/.m2/repository/org/apache/camel/springboot/camel-spring-boot/3.11.1/camel-spring-boot-3.11.1.jar:/Users/chaitanya/.m2/repository/org/apache/camel/camel-spring/3.11.1/camel-spring-3.11.1.jar:/Users/chaitanya/.m2/repository/org/apache/camel/camel-management-api/3.11.1/camel-management-api-3.11.1.jar:/Users/chaitanya/.m2/repository/org/springframework/spring-tx/5.3.9/spring-tx-5.3.9.jar:/Users/chaitanya/.m2/repository/org/apache/camel/camel-spring-main/3.11.1/camel-spring-main-3.11.1.jar:/Users/chaitanya/.m2/repository/org/apache/camel/camel-main/3.11.1/camel-main-3.11.1.jar:/Users/chaitanya/.m2/repository/org/apache/camel/camel-base/3.11.1/camel-base-3.11.1.jar:/Users/chaitanya/.m2/repository/org/apache/camel/camel-core-languages/3.11.1/camel-core-languages-3.11.1.jar:/Users/chaitanya/.m2/repository/org/apache/camel/camel-xml-jaxb-dsl/3.11.1/camel-xml-jaxb-dsl-3.11.1.jar:/Users/chaitanya/.m2/repository/org/apache/camel/camel-support/3.11.1/camel-support-3.11.1.jar:/Users/chaitanya/.m2/repository/org/apache/camel/camel-core-model/3.11.1/camel-core-model-3.11.1.jar:/Users/chaitanya/.m2/repository/org/apache/camel/camel-core-processor/3.11.1/camel-core-processor-3.11.1.jar:/Users/chaitanya/.m2/repository/org/apache/camel/camel-xml-jaxb/3.11.1/camel-xml-jaxb-3.11.1.jar:/Users/chaitanya/.m2/repository/com/sun/xml/bind/jaxb-core/2.3.0/jaxb-core-2.3.0.jar:/Users/chaitanya/.m2/repository/com/sun/xml/bind/jaxb-impl/2.3.3/jaxb-impl-2.3.3.jar:/Users/chaitanya/.m2/repository/com/sun/activation/jakarta.activation/1.2.2/jakarta.activation-1.2.2.jar:/Users/chaitanya/.m2/repository/org/apache/camel/camel-dsl-support/3.11.1/camel-dsl-support-3.11.1.jar:/Users/chaitanya/.m2/repository/org/apache/camel/camel-endpointdsl/3.11.1/camel-endpointdsl-3.11.1.jar:/Users/chaitanya/.m2/repository/org/apache/camel/camel-spring-xml/3.11.1/camel-spring-xml-3.11.1.jar:/Users/chaitanya/.m2/repository/org/apache/camel/camel-core-xml/3.11.1/camel-core-xml-3.11.1.jar:/Users/chaitanya/.m2/repository/org/apache/camel/camel-cloud/3.11.1/camel-cloud-3.11.1.jar:/Users/chaitanya/.m2/repository/org/apache/camel/camel-cluster/3.11.1/camel-cluster-3.11.1.jar:/Users/chaitanya/.m2/repository/org/apache/camel/camel-base-engine/3.11.1/camel-base-engine-3.11.1.jar:/Users/chaitanya/.m2/repository/org/apache/camel/camel-health/3.11.1/camel-health-3.11.1.jar:/Users/chaitanya/.m2/repository/org/apache/camel/springboot/camel-core-starter/3.11.1/camel-core-starter-3.11.1.jar:/Users/chaitanya/.m2/repository/org/apache/camel/camel-core-engine/3.11.1/camel-core-engine-3.11.1.jar:/Users/chaitanya/.m2/repository/org/apache/camel/camel-api/3.11.1/camel-api-3.11.1.jar:/Users/chaitanya/.m2/repository/org/apache/camel/camel-core-reifier/3.11.1/camel-core-reifier-3.11.1.jar:/Users/chaitanya/.m2/repository/org/apache/camel/camel-util/3.11.1/camel-util-3.11.1.jar:/Users/chaitanya/.m2/repository/org/apache/camel/springboot/camel-bean-starter/3.11.1/camel-bean-starter-3.11.1.jar:/Users/chaitanya/.m2/repository/org/apache/camel/camel-bean/3.11.1/camel-bean-3.11.1.jar:/Users/chaitanya/.m2/repository/org/apache/camel/springboot/camel-browse-starter/3.11.1/camel-browse-starter-3.11.1.jar:/Users/chaitanya/.m2/repository/org/apache/camel/camel-browse/3.11.1/camel-browse-3.11.1.jar:/Users/chaitanya/.m2/repository/org/apache/camel/springboot/camel-controlbus-starter/3.11.1/camel-controlbus-starter-3.11.1.jar:/Users/chaitanya/.m2/repository/org/apache/camel/camel-controlbus/3.11.1/camel-controlbus-3.11.1.jar:/Users/chaitanya/.m2/repository/org/apache/camel/springboot/camel-dataformat-starter/3.11.1/camel-dataformat-starter-3.11.1.jar:/Users/chaitanya/.m2/repository/org/apache/camel/camel-dataformat/3.11.1/camel-dataformat-3.11.1.jar:/Users/chaitanya/.m2/repository/org/apache/camel/springboot/camel-dataset-starter/3.11.1/camel-dataset-starter-3.11.1.jar:/Users/chaitanya/.m2/repository/org/apache/camel/camel-dataset/3.11.1/camel-dataset-3.11.1.jar:/Users/chaitanya/.m2/repository/org/apache/camel/springboot/camel-direct-starter/3.11.1/camel-direct-starter-3.11.1.jar:/Users/chaitanya/.m2/repository/org/apache/camel/camel-direct/3.11.1/camel-direct-3.11.1.jar:/Users/chaitanya/.m2/repository/org/apache/camel/springboot/camel-directvm-starter/3.11.1/camel-directvm-starter-3.11.1.jar:/Users/chaitanya/.m2/repository/org/apache/camel/camel-directvm/3.11.1/camel-directvm-3.11.1.jar:/Users/chaitanya/.m2/repository/org/apache/camel/springboot/camel-file-starter/3.11.1/camel-file-starter-3.11.1.jar:/Users/chaitanya/.m2/repository/org/apache/camel/camel-file/3.11.1/camel-file-3.11.1.jar:/Users/chaitanya/.m2/repository/org/apache/camel/springboot/camel-language-starter/3.11.1/camel-language-starter-3.11.1.jar:/Users/chaitanya/.m2/repository/org/apache/camel/camel-language/3.11.1/camel-language-3.11.1.jar:/Users/chaitanya/.m2/repository/org/apache/camel/springboot/camel-log-starter/3.11.1/camel-log-starter-3.11.1.jar:/Users/chaitanya/.m2/repository/org/apache/camel/camel-log/3.11.1/camel-log-3.11.1.jar:/Users/chaitanya/.m2/repository/org/apache/camel/springboot/camel-mock-starter/3.11.1/camel-mock-starter-3.11.1.jar:/Users/chaitanya/.m2/repository/org/apache/camel/camel-mock/3.11.1/camel-mock-3.11.1.jar:/Users/chaitanya/.m2/repository/org/apache/camel/springboot/camel-ref-starter/3.11.1/camel-ref-starter-3.11.1.jar:/Users/chaitanya/.m2/repository/org/apache/camel/camel-ref/3.11.1/camel-ref-3.11.1.jar:/Users/chaitanya/.m2/repository/org/apache/camel/springboot/camel-rest-starter/3.11.1/camel-rest-starter-3.11.1.jar:/Users/chaitanya/.m2/repository/org/apache/camel/camel-rest/3.11.1/camel-rest-3.11.1.jar:/Users/chaitanya/.m2/repository/org/apache/camel/camel-tooling-model/3.11.1/camel-tooling-model-3.11.1.jar:/Users/chaitanya/.m2/repository/org/apache/camel/camel-util-json/3.11.1/camel-util-json-3.11.1.jar:/Users/chaitanya/.m2/repository/org/apache/camel/springboot/camel-saga-starter/3.11.1/camel-saga-starter-3.11.1.jar:/Users/chaitanya/.m2/repository/org/apache/camel/camel-saga/3.11.1/camel-saga-3.11.1.jar:/Users/chaitanya/.m2/repository/org/apache/camel/springboot/camel-scheduler-starter/3.11.1/camel-scheduler-starter-3.11.1.jar:/Users/chaitanya/.m2/repository/org/apache/camel/camel-scheduler/3.11.1/camel-scheduler-3.11.1.jar:/Users/chaitanya/.m2/repository/org/apache/camel/springboot/camel-seda-starter/3.11.1/camel-seda-starter-3.11.1.jar:/Users/chaitanya/.m2/repository/org/apache/camel/camel-seda/3.11.1/camel-seda-3.11.1.jar:/Users/chaitanya/.m2/repository/org/apache/camel/springboot/camel-stub-starter/3.11.1/camel-stub-starter-3.11.1.jar:/Users/chaitanya/.m2/repository/org/apache/camel/camel-stub/3.11.1/camel-stub-3.11.1.jar:/Users/chaitanya/.m2/repository/org/apache/camel/springboot/camel-timer-starter/3.11.1/camel-timer-starter-3.11.1.jar:/Users/chaitanya/.m2/repository/org/apache/camel/camel-timer/3.11.1/camel-timer-3.11.1.jar:/Users/chaitanya/.m2/repository/org/apache/camel/springboot/camel-validator-starter/3.11.1/camel-validator-starter-3.11.1.jar:/Users/chaitanya/.m2/repository/org/apache/camel/camel-validator/3.11.1/camel-validator-3.11.1.jar:/Users/chaitanya/.m2/repository/org/apache/camel/springboot/camel-vm-starter/3.11.1/camel-vm-starter-3.11.1.jar:/Users/chaitanya/.m2/repository/org/apache/camel/camel-vm/3.11.1/camel-vm-3.11.1.jar:/Users/chaitanya/.m2/repository/org/apache/camel/springboot/camel-xpath-starter/3.11.1/camel-xpath-starter-3.11.1.jar:/Users/chaitanya/.m2/repository/org/apache/camel/camel-xpath/3.11.1/camel-xpath-3.11.1.jar:/Users/chaitanya/.m2/repository/org/apache/camel/springboot/camel-xslt-starter/3.11.1/camel-xslt-starter-3.11.1.jar:/Users/chaitanya/.m2/repository/org/apache/camel/camel-xslt/3.11.1/camel-xslt-3.11.1.jar:/Users/chaitanya/.m2/repository/org/apache/camel/springboot/camel-xml-jaxp-starter/3.11.1/camel-xml-jaxp-starter-3.11.1.jar:/Users/chaitanya/.m2/repository/org/apache/camel/camel-xml-jaxp/3.11.1/camel-xml-jaxp-3.11.1.jar:/Users/chaitanya/.m2/repository/org/apache/camel/camel-xml-io-util/3.11.1/camel-xml-io-util-3.11.1.jar:/Users/chaitanya/.m2/repository/org/springframework/boot/spring-boot-devtools/2.5.4/spring-boot-devtools-2.5.4.jar:/Users/chaitanya/.m2/repository/org/springframework/boot/spring-boot/2.5.4/spring-boot-2.5.4.jar:/Users/chaitanya/.m2/repository/org/springframework/boot/spring-boot-autoconfigure/2.5.4/spring-boot-autoconfigure-2.5.4.jar:/Users/chaitanya/.m2/repository/org/springframework/boot/spring-boot-starter-test/2.5.4/spring-boot-starter-test-2.5.4.jar:/Users/chaitanya/.m2/repository/org/springframework/boot/spring-boot-test/2.5.4/spring-boot-test-2.5.4.jar:/Users/chaitanya/.m2/repository/org/springframework/boot/spring-boot-test-autoconfigure/2.5.4/spring-boot-test-autoconfigure-2.5.4.jar:/Users/chaitanya/.m2/repository/com/jayway/jsonpath/json-path/2.5.0/json-path-2.5.0.jar:/Users/chaitanya/.m2/repository/net/minidev/json-smart/2.4.7/json-smart-2.4.7.jar:/Users/chaitanya/.m2/repository/net/minidev/accessors-smart/2.4.7/accessors-smart-2.4.7.jar:/Users/chaitanya/.m2/repository/org/ow2/asm/asm/9.1/asm-9.1.jar:/Users/chaitanya/.m2/repository/org/slf4j/slf4j-api/1.7.32/slf4j-api-1.7.32.jar:/Users/chaitanya/.m2/repository/jakarta/xml/bind/jakarta.xml.bind-api/2.3.3/jakarta.xml.bind-api-2.3.3.jar:/Users/chaitanya/.m2/repository/jakarta/activation/jakarta.activation-api/1.2.2/jakarta.activation-api-1.2.2.jar:/Users/chaitanya/.m2/repository/org/assertj/assertj-core/3.19.0/assertj-core-3.19.0.jar:/Users/chaitanya/.m2/repository/org/hamcrest/hamcrest/2.2/hamcrest-2.2.jar:/Users/chaitanya/.m2/repository/org/junit/jupiter/junit-jupiter/5.7.2/junit-jupiter-5.7.2.jar:/Users/chaitanya/.m2/repository/org/junit/jupiter/junit-jupiter-api/5.7.2/junit-jupiter-api-5.7.2.jar:/Users/chaitanya/.m2/repository/org/apiguardian/apiguardian-api/1.1.0/apiguardian-api-1.1.0.jar:/Users/chaitanya/.m2/repository/org/opentest4j/opentest4j/1.2.0/opentest4j-1.2.0.jar:/Users/chaitanya/.m2/repository/org/junit/platform/junit-platform-commons/1.7.2/junit-platform-commons-1.7.2.jar:/Users/chaitanya/.m2/repository/org/junit/jupiter/junit-jupiter-params/5.7.2/junit-jupiter-params-5.7.2.jar:/Users/chaitanya/.m2/repository/org/junit/jupiter/junit-jupiter-engine/5.7.2/junit-jupiter-engine-5.7.2.jar:/Users/chaitanya/.m2/repository/org/junit/platform/junit-platform-engine/1.7.2/junit-platform-engine-1.7.2.jar:/Users/chaitanya/.m2/repository/org/mockito/mockito-core/3.9.0/mockito-core-3.9.0.jar:/Users/chaitanya/.m2/repository/net/bytebuddy/byte-buddy/1.10.22/byte-buddy-1.10.22.jar:/Users/chaitanya/.m2/repository/net/bytebuddy/byte-buddy-agent/1.10.22/byte-buddy-agent-1.10.22.jar:/Users/chaitanya/.m2/repository/org/objenesis/objenesis/3.2/objenesis-3.2.jar:/Users/chaitanya/.m2/repository/org/mockito/mockito-junit-jupiter/3.9.0/mockito-junit-jupiter-3.9.0.jar:/Users/chaitanya/.m2/repository/org/skyscreamer/jsonassert/1.5.0/jsonassert-1.5.0.jar:/Users/chaitanya/.m2/repository/com/vaadin/external/google/android-json/0.0.20131108.vaadin1/android-json-0.0.20131108.vaadin1.jar:/Users/chaitanya/.m2/repository/org/springframework/spring-core/5.3.9/spring-core-5.3.9.jar:/Users/chaitanya/.m2/repository/org/springframework/spring-jcl/5.3.9/spring-jcl-5.3.9.jar:/Users/chaitanya/.m2/repository/org/springframework/spring-test/5.3.9/spring-test-5.3.9.jar:/Users/chaitanya/.m2/repository/org/xmlunit/xmlunit-core/2.8.2/xmlunit-core-2.8.2.jar:"/>
    <property name="sun.cpu.endian" value="little"/>
    <property name="user.home" value="/Users/chaitanya"/>
    <property name="user.language" value="en"/>
    <property name="java.specification.vendor" value="Oracle Corporation"/>
    <property name="java.home" value="/Library/Java/JavaVirtualMachines/adoptopenjdk-8.jdk/Contents/Home/jre"/>
    <property name="basedir" value="/Users/chaitanya/Workspace/Spring/apache-camel/camel-microservice-a"/>
    <property name="file.separator" value="/"/>
    <property name="line.separator" value="&#10;"/>
    <property name="java.vm.specification.vendor" value="Oracle Corporation"/>
    <property name="java.specification.name" value="Java Platform API Specification"/>
    <property name="java.awt.graphicsenv" value="sun.awt.CGraphicsEnvironment"/>
    <property name="surefire.real.class.path" value="/Users/chaitanya/Workspace/Spring/apache-camel/camel-microservice-a/target/surefire/surefirebooter4605012906766132244.jar"/>
    <property name="sun.boot.class.path" value="/Library/Java/JavaVirtualMachines/adoptopenjdk-8.jdk/Contents/Home/jre/lib/resources.jar:/Library/Java/JavaVirtualMachines/adoptopenjdk-8.jdk/Contents/Home/jre/lib/rt.jar:/Library/Java/JavaVirtualMachines/adoptopenjdk-8.jdk/Contents/Home/jre/lib/sunrsasign.jar:/Library/Java/JavaVirtualMachines/adoptopenjdk-8.jdk/Contents/Home/jre/lib/jsse.jar:/Library/Java/JavaVirtualMachines/adoptopenjdk-8.jdk/Contents/Home/jre/lib/jce.jar:/Library/Java/JavaVirtualMachines/adoptopenjdk-8.jdk/Contents/Home/jre/lib/charsets.jar:/Library/Java/JavaVirtualMachines/adoptopenjdk-8.jdk/Contents/Home/jre/lib/jfr.jar:/Library/Java/JavaVirtualMachines/adoptopenjdk-8.jdk/Contents/Home/jre/classes"/>
    <property name="sun.management.compiler" value="HotSpot 64-Bit Tiered Compilers"/>
    <property name="ftp.nonProxyHosts" value="local|*.local|169.254/16|*.169.254/16"/>
    <property name="java.runtime.version" value="1.8.0_292-b10"/>
    <property name="user.name" value="chaitanya"/>
    <property name="path.separator" value=":"/>
    <property name="os.version" value="10.15.7"/>
    <property name="java.endorsed.dirs" value="/Library/Java/JavaVirtualMachines/adoptopenjdk-8.jdk/Contents/Home/jre/lib/endorsed"/>
    <property name="java.runtime.name" value="OpenJDK Runtime Environment"/>
    <property name="file.encoding" value="US-ASCII"/>
    <property name="java.vm.name" value="OpenJDK 64-Bit Server VM"/>
    <property name="localRepository" value="/Users/chaitanya/.m2/repository"/>
    <property name="java.vendor.url.bug" value="https://github.com/AdoptOpenJDK/openjdk-support/issues"/>
    <property name="java.io.tmpdir" value="/var/folders/gv/3697scld0bd667n1kxmmfbdm0000gn/T/"/>
    <property name="java.version" value="1.8.0_292"/>
    <property name="user.dir" value="/Users/chaitanya/Workspace/Spring/apache-camel/camel-microservice-a"/>
    <property name="os.arch" value="x86_64"/>
    <property name="java.vm.specification.name" value="Java Virtual Machine Specification"/>
    <property name="java.awt.printerjob" value="sun.lwawt.macosx.CPrinterJob"/>
    <property name="sun.os.patch.level" value="unknown"/>
    <property name="java.library.path" value="/Users/chaitanya/Library/Java/Extensions:/Library/Java/Extensions:/Network/Library/Java/Extensions:/System/Library/Java/Extensions:/usr/lib/java:."/>
    <property name="java.vm.info" value="mixed mode"/>
    <property name="java.vendor" value="AdoptOpenJDK"/>
    <property name="java.vm.version" value="25.292-b10"/>
    <property name="java.ext.dirs" value="/Users/chaitanya/Library/Java/Extensions:/Library/Java/JavaVirtualMachines/adoptopenjdk-8.jdk/Contents/Home/jre/lib/ext:/Library/Java/Extensions:/Network/Library/Java/Extensions:/System/Library/Java/Extensions:/usr/lib/java"/>
    <property name="sun.io.unicode.encoding" value="UnicodeBig"/>
    <property name="java.class.version" value="52.0"/>
    <property name="socksNonProxyHosts" value="local|*.local|169.254/16|*.169.254/16"/>
  </properties>
  <testcase name="contextLoads" classname="com.example.microservices.camelmicroservicea.CamelMicroserviceAApplicationTests" time="0.585"/>
</testsuite>